[debug] [2017-12-16T09:09:56.946Z] ----------------------------------------------------------------------
[debug] [2017-12-16T09:09:56.949Z] Command:       /usr/local/bin/node /usr/local/bin/firebase deploy
[debug] [2017-12-16T09:09:56.949Z] CLI Version:   3.15.3
[debug] [2017-12-16T09:09:56.949Z] Platform:      darwin
[debug] [2017-12-16T09:09:56.949Z] Node Version:  v8.3.0
[debug] [2017-12-16T09:09:56.950Z] Time:          Sat Dec 16 2017 04:09:56 GMT-0500 (EST)
[debug] [2017-12-16T09:09:56.950Z] ----------------------------------------------------------------------
[debug] 
[debug] [2017-12-16T09:09:56.968Z] > command requires scopes: ["email","openid","https://www.googleapis.com/auth/cloudplatformprojects.readonly","https://www.googleapis.com/auth/firebase","https://www.googleapis.com/auth/cloud-platform"]
[debug] [2017-12-16T09:09:56.968Z] > authorizing via signed-in user
[debug] [2017-12-16T09:09:56.970Z] > refreshing access token with scopes: ["email","https://www.googleapis.com/auth/cloud-platform","https://www.googleapis.com/auth/cloudplatformprojects.readonly","https://www.googleapis.com/auth/firebase","openid"]
[debug] [2017-12-16T09:09:56.971Z] >>> HTTP REQUEST POST https://www.googleapis.com/oauth2/v3/token { refresh_token: '1/ZnRqa0wTNtfISoUAhCsH2Pz6TGYson6mKVn5dt3BoMlEvE3skMVy8YOIOKijmtnM',
  client_id: '563584335869-fgrhgmd47bqnekij5i8b5pr03ho849e6.apps.googleusercontent.com',
  client_secret: 'j9iVZfS8kkCEFUPaAeJV0sAi',
  grant_type: 'refresh_token',
  scope: 'email https://www.googleapis.com/auth/cloud-platform https://www.googleapis.com/auth/cloudplatformprojects.readonly https://www.googleapis.com/auth/firebase openid' } 
 Sat Dec 16 2017 04:09:56 GMT-0500 (EST)
[debug] [2017-12-16T09:09:57.206Z] <<< HTTP RESPONSE 200
[debug] [2017-12-16T09:09:57.210Z] >>> HTTP REQUEST GET https://admin.firebase.com/v1/projects/caveo-41efd  
 Sat Dec 16 2017 04:09:57 GMT-0500 (EST)
[debug] [2017-12-16T09:09:57.768Z] <<< HTTP RESPONSE 200
[debug] [2017-12-16T09:09:57.769Z] >>> HTTP REQUEST GET https://admin.firebase.com/v1/database/caveo-41efd/tokens  
 Sat Dec 16 2017 04:09:57 GMT-0500 (EST)
[debug] [2017-12-16T09:09:58.364Z] <<< HTTP RESPONSE 200
[info] 
[info] === Deploying to 'caveo-41efd'...
[info] 
[info] i  deploying database, functions, hosting
[info] i  database: checking rules syntax...
[debug] [2017-12-16T09:09:58.799Z] >>> HTTP REQUEST PUT https://caveo-41efd.firebaseio.com/.settings/rules.json?dryRun=true {
  "rules": {
    ".read": "auth != null",
    ".write": "auth != null"
  }
}
 
 Sat Dec 16 2017 04:09:58 GMT-0500 (EST)
[debug] [2017-12-16T09:09:59.195Z] <<< HTTP RESPONSE 200
[info] ✔  database: rules syntax for database caveo-41efd is valid
[debug] [2017-12-16T09:09:59.197Z] > [functions] package.json contents: {
  "name": "functions",
  "description": "Cloud Functions for Firebase",
  "dependencies": {
    "firebase-admin": "~4.2.1",
    "firebase-functions": "^0.5.7"
  },
  "private": true
}
[info] i  functions: ensuring necessary APIs are enabled...
[info] i  runtimeconfig: ensuring necessary APIs are enabled...
[debug] [2017-12-16T09:09:59.198Z] >>> HTTP REQUEST GET https://servicemanagement.googleapis.com/v1/services/cloudfunctions.googleapis.com/projectSettings/caveo-41efd?view=CONSUMER_VIEW  
 Sat Dec 16 2017 04:09:59 GMT-0500 (EST)
[debug] [2017-12-16T09:09:59.198Z] >>> HTTP REQUEST GET https://servicemanagement.googleapis.com/v1/services/runtimeconfig.googleapis.com/projectSettings/caveo-41efd?view=CONSUMER_VIEW  
 Sat Dec 16 2017 04:09:59 GMT-0500 (EST)
[debug] [2017-12-16T09:09:59.968Z] <<< HTTP RESPONSE 200
[info] ✔  runtimeconfig: all necessary APIs are enabled
[debug] [2017-12-16T09:10:00.020Z] <<< HTTP RESPONSE 200
[info] ✔  functions: all necessary APIs are enabled
[debug] [2017-12-16T09:10:00.021Z] >>> HTTP REQUEST GET https://appengine.googleapis.com/v1/apps/caveo-41efd  
 Sat Dec 16 2017 04:10:00 GMT-0500 (EST)
[debug] [2017-12-16T09:10:00.022Z] >>> HTTP REQUEST GET https://apikeys.googleapis.com/v1/projects/caveo-41efd/apiKeys  
 Sat Dec 16 2017 04:10:00 GMT-0500 (EST)
[debug] [2017-12-16T09:10:00.277Z] <<< HTTP RESPONSE 200
[debug] [2017-12-16T09:10:00.477Z] <<< HTTP RESPONSE 200
[info] i  functions: preparing functions directory for uploading...
[debug] [2017-12-16T09:10:01.942Z] >>> HTTP REQUEST GET https://runtimeconfig.googleapis.com/v1beta1/projects/caveo-41efd/configs  
 Sat Dec 16 2017 04:10:01 GMT-0500 (EST)
[debug] [2017-12-16T09:10:02.220Z] <<< HTTP RESPONSE 200
[info] i  functions: packaged functions (7.37 KB) for uploading
[debug] [2017-12-16T09:10:03.569Z] >>> HTTP REQUEST GET https://www.googleapis.com/storage/v1/b/staging.caveo-41efd.appspot.com  
 Sat Dec 16 2017 04:10:03 GMT-0500 (EST)
[debug] [2017-12-16T09:10:03.767Z] <<< HTTP RESPONSE 200
[debug] [2017-12-16T09:10:03.768Z] >>> HTTP REQUEST POST https://www.googleapis.com/upload/storage/v1/b/staging.caveo-41efd.appspot.com/o?uploadType=media&name=firebase-functions-source ReadStream {
  _readableState: 
   ReadableState {
     objectMode: false,
     highWaterMark: 65536,
     buffer: BufferList { head: [Object], tail: [Object], length: 1 },
     length: 7550,
     pipes: null,
     pipesCount: 0,
     flowing: null,
     ended: true,
     endEmitted: false,
     reading: false,
     sync: false,
     needReadable: false,
     emittedReadable: true,
     readableListening: false,
     resumeScheduled: false,
     destroyed: false,
     defaultEncoding: 'utf8',
     awaitDrain: 0,
     readingMore: false,
     decoder: null,
     encoding: null },
  readable: true,
  domain: null,
  _events: { end: [Function] },
  _eventsCount: 1,
  _maxListeners: undefined,
  path: '/var/folders/x2/1v45fzy94dx8c_r152m0fy4m0000gn/T/firebase-functions-239726wcwQ3U9TM4J.zip',
  fd: 19,
  flags: 'r',
  mode: 438,
  start: undefined,
  end: undefined,
  autoClose: true,
  pos: undefined,
  bytesRead: 7550 } 
 Sat Dec 16 2017 04:10:03 GMT-0500 (EST)
[debug] [2017-12-16T09:10:04.304Z] <<< HTTP RESPONSE 200
[info] ✔  functions: functions folder uploaded successfully
[info] i  hosting: preparing dist directory for upload...
[debug] [2017-12-16T09:10:05.010Z] >>> HTTP REQUEST PUT https://deploy.firebase.com/v1/hosting/caveo-41efd/uploads/-L0T__jsPSTg25TOkfai?fileCount=25&message=  
 Sat Dec 16 2017 04:10:05 GMT-0500 (EST)
[debug] [2017-12-16T09:10:09.731Z] <<< HTTP RESPONSE 200
[debug] [2017-12-16T09:10:09.731Z] [hosting] .tgz uploaded successfully, waiting for extraction
[info] ✔  hosting: 25 files uploaded successfully
[info] i  database: releasing rules...
[debug] [2017-12-16T09:10:11.235Z] >>> HTTP REQUEST PUT https://caveo-41efd.firebaseio.com/.settings/rules.json {
  "rules": {
    ".read": "auth != null",
    ".write": "auth != null"
  }
}
 
 Sat Dec 16 2017 04:10:11 GMT-0500 (EST)
[debug] [2017-12-16T09:10:11.769Z] <<< HTTP RESPONSE 200
[info] ✔  database: rules for database caveo-41efd released successfully
[debug] [2017-12-16T09:10:11.771Z] >>> HTTP REQUEST GET https://cloudfunctions.googleapis.com/v1/projects/caveo-41efd/locations/us-central1/functions  
 Sat Dec 16 2017 04:10:11 GMT-0500 (EST)
[debug] [2017-12-16T09:10:12.178Z] <<< HTTP RESPONSE 200
[info] i  functions: updating function places...
[debug] [2017-12-16T09:10:12.181Z] Trigger is: 
[debug] [2017-12-16T09:10:12.183Z] >>> HTTP REQUEST PATCH https://cloudfunctions.googleapis.com/v1/projects/caveo-41efd/locations/us-central1/functions/places { sourceArchiveUrl: 'gs://staging.caveo-41efd.appspot.com/firebase-functions-source',
  name: 'projects/caveo-41efd/locations/us-central1/functions/places',
  entryPoint: 'places',
  timeout: undefined,
  availableMemoryMb: 256,
  failurePolicy: undefined,
  labels: { 'deployment-tool': 'cli-firebase' },
  httpsTrigger: {} } 
 Sat Dec 16 2017 04:10:12 GMT-0500 (EST)
[debug] [2017-12-16T09:10:12.677Z] <<< HTTP RESPONSE 200
[debug] [2017-12-16T09:10:12.679Z] >>> HTTP REQUEST GET https://cloudfunctions.googleapis.com/v1/operations/Y2F2ZW8tNDFlZmQvdXMtY2VudHJhbDEvcGxhY2VzLzE4SFZDeHBhNHRN  
 Sat Dec 16 2017 04:10:12 GMT-0500 (EST)
[debug] [2017-12-16T09:10:13.050Z] <<< HTTP RESPONSE 200
[debug] [2017-12-16T09:10:15.053Z] >>> HTTP REQUEST GET https://cloudfunctions.googleapis.com/v1/operations/Y2F2ZW8tNDFlZmQvdXMtY2VudHJhbDEvcGxhY2VzLzE4SFZDeHBhNHRN  
 Sat Dec 16 2017 04:10:15 GMT-0500 (EST)
[debug] [2017-12-16T09:10:15.367Z] <<< HTTP RESPONSE 200
[debug] [2017-12-16T09:10:17.372Z] >>> HTTP REQUEST GET https://cloudfunctions.googleapis.com/v1/operations/Y2F2ZW8tNDFlZmQvdXMtY2VudHJhbDEvcGxhY2VzLzE4SFZDeHBhNHRN  
 Sat Dec 16 2017 04:10:17 GMT-0500 (EST)
[debug] [2017-12-16T09:10:17.692Z] <<< HTTP RESPONSE 200
[debug] [2017-12-16T09:10:19.697Z] >>> HTTP REQUEST GET https://cloudfunctions.googleapis.com/v1/operations/Y2F2ZW8tNDFlZmQvdXMtY2VudHJhbDEvcGxhY2VzLzE4SFZDeHBhNHRN  
 Sat Dec 16 2017 04:10:19 GMT-0500 (EST)
[debug] [2017-12-16T09:10:20.027Z] <<< HTTP RESPONSE 200
[debug] [2017-12-16T09:10:22.029Z] >>> HTTP REQUEST GET https://cloudfunctions.googleapis.com/v1/operations/Y2F2ZW8tNDFlZmQvdXMtY2VudHJhbDEvcGxhY2VzLzE4SFZDeHBhNHRN  
 Sat Dec 16 2017 04:10:22 GMT-0500 (EST)
